<?xml version="1.0" encoding="UTF-8"?>
<testng-results ignored="0" total="1" passed="1" failed="0" skipped="0">
  <reporter-output>
  </reporter-output>
  <suite started-at="2024-09-09T11:59:43 IST" name="Default suite" finished-at="2024-09-09T11:59:46 IST" duration-ms="2910">
    <groups>
    </groups>
    <test started-at="2024-09-09T11:59:43 IST" name="Default test" finished-at="2024-09-09T11:59:46 IST" duration-ms="2910">
      <class name="page.AddPlace">
        <test-method signature="Addnewplacegoogle()[pri:0, instance:page.AddPlace@1a6d8329]" started-at="2024-09-09T11:59:44 IST" name="Addnewplacegoogle" finished-at="2024-09-09T11:59:46 IST" duration-ms="2846" status="PASS">
          <reporter-output>
          </reporter-output>
        </test-method> <!-- Addnewplacegoogle -->
      </class> <!-- page.AddPlace -->
    </test> <!-- Default test -->
  </suite> <!-- Default suite -->
</testng-results>
