<?xml version="1.0" encoding="UTF-8"?>
<testng-results ignored="0" total="1" passed="1" failed="0" skipped="0">
  <reporter-output>
  </reporter-output>
  <suite started-at="2024-09-08T23:59:03 IST" name="Default suite" finished-at="2024-09-08T23:59:10 IST" duration-ms="7390">
    <groups>
    </groups>
    <test started-at="2024-09-08T23:59:03 IST" name="Default test" finished-at="2024-09-08T23:59:10 IST" duration-ms="7390">
      <class name="page.AddPlace">
        <test-method signature="Addnewplacegoogle()[pri:0, instance:page.AddPlace@3c77d488]" started-at="2024-09-08T23:59:03 IST" name="Addnewplacegoogle" finished-at="2024-09-08T23:59:10 IST" duration-ms="7317" status="PASS">
          <reporter-output>
          </reporter-output>
        </test-method> <!-- Addnewplacegoogle -->
      </class> <!-- page.AddPlace -->
    </test> <!-- Default test -->
  </suite> <!-- Default suite -->
</testng-results>
